<?xml version="1.0" encoding="UTF-8"?>
<!-- Generated by org.testng.reporters.JUnitReportReporter -->
<testsuite hostname="DESKTOP-352M94G" failures="0" tests="1" name="com.framework.testClasses.loginTest" time="3.015" errors="0" timestamp="2023-02-07T16:06:40 PST" skipped="0">
  <testcase classname="com.framework.testClasses.loginTest" name="loginTest" time="3.015"/>
  <system-out/>
</testsuite> <!-- com.framework.testClasses.loginTest -->
