<?xml version="1.0" encoding="UTF-8"?>
<!-- Generated by org.testng.reporters.JUnitReportReporter -->
<testsuite hostname="DESKTOP-352M94G" failures="0" tests="1" name="com.framework.testClasses.titleVerification" time="0.019" errors="0" timestamp="2023-02-03T11:14:01 PST" skipped="0">
  <testcase classname="com.framework.testClasses.titleVerification" name="pageTile" time="0.019"/>
  <system-out/>
</testsuite> <!-- com.framework.testClasses.titleVerification -->
